<?xml version="1.0" encoding="UTF-8"?>
<!-- Generated by org.testng.reporters.JUnitReportReporter -->
<testsuite hostname="USQROJDIEZRODR1" failures="0" tests="1" name="com.test2.appium.Test2" time="8.171" errors="0" timestamp="2024-09-23T16:00:47 CST" skipped="0">
  <testcase classname="com.test2.appium.Test2" name="allTests" time="8.171"/>
  <system-out/>
</testsuite> <!-- com.test2.appium.Test2 -->
